  소스.cpp
c:\users\134461\desktop\opengl\opengl_tutorial\learn_opengl_board\include\learnopengl\shader.h(65): warning C4101: 'infoLog' :참조되지 않은 지역 변수입니다.
c:\users\134461\desktop\opengl\opengl_tutorial\learn_opengl_board\include\learnopengl\shader.h(64): warning C4101: 'success' :참조되지 않은 지역 변수입니다.
c:\users\134461\desktop\opengl\opengl_tutorial\learn_opengl_board\include\assimp\defs.h : warning C4819: 현재 코드 페이지(949)에서 표시할 수 없는 문자가 파일에 들어 있습니다. 데이터가 손실되지 않게 하려면 해당 파일을 유니코드 형식으로 저장하십시오.
c:\users\134461\desktop\opengl\opengl_tutorial\learn_opengl_board\include\assimp\matrix3x3.h : warning C4819: 현재 코드 페이지(949)에서 표시할 수 없는 문자가 파일에 들어 있습니다. 데이터가 손실되지 않게 하려면 해당 파일을 유니코드 형식으로 저장하십시오.
c:\users\134461\desktop\opengl\opengl_tutorial\learn_opengl_board\include\assimp\matrix4x4.h : warning C4819: 현재 코드 페이지(949)에서 표시할 수 없는 문자가 파일에 들어 있습니다. 데이터가 손실되지 않게 하려면 해당 파일을 유니코드 형식으로 저장하십시오.
c:\users\134461\desktop\opengl\opengl_tutorial\learn_opengl_board\include\assimp\matrix3x3.inl : warning C4819: 현재 코드 페이지(949)에서 표시할 수 없는 문자가 파일에 들어 있습니다. 데이터가 손실되지 않게 하려면 해당 파일을 유니코드 형식으로 저장하십시오.
c:\users\134461\desktop\opengl\opengl_tutorial\learn_opengl_board\include\assimp\matrix4x4.inl : warning C4819: 현재 코드 페이지(949)에서 표시할 수 없는 문자가 파일에 들어 있습니다. 데이터가 손실되지 않게 하려면 해당 파일을 유니코드 형식으로 저장하십시오.
c:\users\134461\desktop\opengl\opengl_tutorial\learn_opengl_board\learn_opengl_board\소스.cpp(144): warning C4244: '인수': 'double'에서 'unsigned int'(으)로 변환하면서 데이터가 손실될 수 있습니다.
c:\users\134461\desktop\opengl\opengl_tutorial\learn_opengl_board\learn_opengl_board\소스.cpp(161): warning C4244: '초기화 중': 'double'에서 'float'(으)로 변환하면서 데이터가 손실될 수 있습니다.
c:\users\134461\desktop\opengl\opengl_tutorial\learn_opengl_board\learn_opengl_board\소스.cpp(165): warning C4244: '초기화 중': 'int'에서 'float'(으)로 변환하면서 데이터가 손실될 수 있습니다.
c:\users\134461\desktop\opengl\opengl_tutorial\learn_opengl_board\learn_opengl_board\소스.cpp(253): warning C4244: '초기화 중': 'double'에서 'float'(으)로 변환하면서 데이터가 손실될 수 있습니다.
c:\users\134461\desktop\opengl\opengl_tutorial\learn_opengl_board\learn_opengl_board\소스.cpp(298): warning C4244: '인수': 'double'에서 'float'(으)로 변환하면서 데이터가 손실될 수 있습니다.
c:\users\134461\desktop\opengl\opengl_tutorial\learn_opengl_board\learn_opengl_board\소스.cpp(381): warning C4244: '=': 'double'에서 'float'(으)로 변환하면서 데이터가 손실될 수 있습니다.
c:\users\134461\desktop\opengl\opengl_tutorial\learn_opengl_board\learn_opengl_board\소스.cpp(382): warning C4244: '=': 'double'에서 'float'(으)로 변환하면서 데이터가 손실될 수 있습니다.
c:\users\134461\desktop\opengl\opengl_tutorial\learn_opengl_board\learn_opengl_board\소스.cpp(386): warning C4244: '초기화 중': 'double'에서 'float'(으)로 변환하면서 데이터가 손실될 수 있습니다.
c:\users\134461\desktop\opengl\opengl_tutorial\learn_opengl_board\learn_opengl_board\소스.cpp(387): warning C4244: '초기화 중': 'double'에서 'float'(으)로 변환하면서 데이터가 손실될 수 있습니다.
c:\users\134461\desktop\opengl\opengl_tutorial\learn_opengl_board\learn_opengl_board\소스.cpp(389): warning C4244: '=': 'double'에서 'float'(으)로 변환하면서 데이터가 손실될 수 있습니다.
c:\users\134461\desktop\opengl\opengl_tutorial\learn_opengl_board\learn_opengl_board\소스.cpp(390): warning C4244: '=': 'double'에서 'float'(으)로 변환하면서 데이터가 손실될 수 있습니다.
c:\users\134461\desktop\opengl\opengl_tutorial\learn_opengl_board\learn_opengl_board\소스.cpp(399): warning C4244: '인수': 'double'에서 'float'(으)로 변환하면서 데이터가 손실될 수 있습니다.
  Learn_openGL_board.vcxproj -> C:\Users\134461\Desktop\OpenGL\OpenGL_Tutorial\Learn_openGL_board\Debug\Learn_openGL_board.exe
